######################################
Exploring the best parameters for the kernel mandel
using default
######################################
cpu,th,tw,threads,schedule,schedule_n,time
cortex,64,64,1,static,1,12613.187
cortex,64,64,2,static,1,6537.622
cortex,64,64,3,static,1,4441.621
cortex,64,64,4,static,1,3898.225
denver,64,64,1,static,1,9531.558
denver,64,64,2,static,1,4941.313
full_system,64,64,6,static,1,2840.531
cortex,64,128,1,static,1,12662.566
cortex,64,128,2,static,1,6549.953
cortex,64,128,3,static,1,4949.998
cortex,64,128,4,static,1,4012.337
denver,64,128,1,static,1,9570.843
denver,64,128,2,static,1,4954.366
full_system,64,128,6,static,1,2996.948
cortex,64,256,1,static,1,12726.798
cortex,64,256,2,static,1,6437.238
cortex,64,256,3,static,1,4586.983
cortex,64,256,4,static,1,4677.538
denver,64,256,1,static,1,9609.733
denver,64,256,2,static,1,4881.394
full_system,64,256,6,static,1,2566.211
cortex,64,512,1,static,1,12662.077
cortex,64,512,2,static,1,6966.266
cortex,64,512,3,static,1,5079.154
cortex,64,512,4,static,1,4211.130
denver,64,512,1,static,1,9693.287
denver,64,512,2,static,1,5319.688
full_system,64,512,6,static,1,3264.817
cortex,64,1024,1,static,1,12610.156
cortex,64,1024,2,static,1,7372.407
cortex,64,1024,3,static,1,5924.873
cortex,64,1024,4,static,1,5190.190
denver,64,1024,1,static,1,9684.393
denver,64,1024,2,static,1,5619.562
full_system,64,1024,6,static,1,4063.054
cortex,128,64,1,static,1,12650.012
cortex,128,64,2,static,1,6533.727
cortex,128,64,3,static,1,4758.738
cortex,128,64,4,static,1,3901.058
denver,128,64,1,static,1,9662.478
denver,128,64,2,static,1,5026.073
full_system,128,64,6,static,1,2957.591
cortex,128,128,1,static,1,12633.323
cortex,128,128,2,static,1,6506.664
cortex,128,128,3,static,1,4771.733
cortex,128,128,4,static,1,4026.358
denver,128,128,1,static,1,9659.440
denver,128,128,2,static,1,5006.134
full_system,128,128,6,static,1,3284.258
cortex,128,256,1,static,1,12648.122
cortex,128,256,2,static,1,6418.681
cortex,128,256,3,static,1,5381.083
cortex,128,256,4,static,1,4701.046
denver,128,256,1,static,1,9694.465
denver,128,256,2,static,1,4925.879
full_system,128,256,6,static,1,3425.198
cortex,128,512,1,static,1,12660.149
cortex,128,512,2,static,1,6963.968
cortex,128,512,3,static,1,4827.516
cortex,128,512,4,static,1,4691.943
denver,128,512,1,static,1,9642.202
denver,128,512,2,static,1,5318.504
full_system,128,512,6,static,1,3061.775
cortex,128,1024,1,static,1,12706.448
cortex,128,1024,2,static,1,8031.344
cortex,128,1024,3,static,1,6134.943
cortex,128,1024,4,static,1,5369.770
denver,128,1024,1,static,1,9696.817
denver,128,1024,2,static,1,6164.857
full_system,128,1024,6,static,1,3973.871
cortex,256,64,1,static,1,12699.723
cortex,256,64,2,static,1,6547.628
cortex,256,64,3,static,1,4674.019
cortex,256,64,4,static,1,4004.013
denver,256,64,1,static,1,9681.726
denver,256,64,2,static,1,5016.388
full_system,256,64,6,static,1,2657.949
cortex,256,128,1,static,1,12648.543
cortex,256,128,2,static,1,6520.167
cortex,256,128,3,static,1,5226.710
cortex,256,128,4,static,1,4036.974
denver,256,128,1,static,1,9659.797
denver,256,128,2,static,1,4998.964
full_system,256,128,6,static,1,3207.323
cortex,256,256,1,static,1,12717.680
cortex,256,256,2,static,1,6446.527
cortex,256,256,3,static,1,4730.876
cortex,256,256,4,static,1,4781.284
denver,256,256,1,static,1,9666.443
denver,256,256,2,static,1,4952.703
full_system,256,256,6,static,1,2956.679
cortex,256,512,1,static,1,12641.232
cortex,256,512,2,static,1,6986.622
cortex,256,512,3,static,1,5241.666
cortex,256,512,4,static,1,4475.348
denver,256,512,1,static,1,9682.132
denver,256,512,2,static,1,5331.044
full_system,256,512,6,static,1,3994.831
cortex,256,1024,1,static,1,12636.491
cortex,256,1024,2,static,1,8122.538
cortex,256,1024,3,static,1,7045.119
cortex,256,1024,4,static,1,6035.128
denver,256,1024,1,static,1,9668.728
denver,256,1024,2,static,1,6229.252
cortex,512,64,1,static,1,12666.609
cortex,512,64,2,static,1,6539.292
cortex,512,64,3,static,1,4934.601
cortex,512,64,4,static,1,3897.435
denver,512,64,1,static,1,9724.609
denver,512,64,2,static,1,5015.724
full_system,512,64,6,static,1,3510.420
cortex,512,128,1,static,1,12636.000
cortex,512,128,2,static,1,6507.232
cortex,512,128,3,static,1,5539.198
cortex,512,128,4,static,1,4079.434
denver,512,128,1,static,1,9689.372
denver,512,128,2,static,1,5037.682
full_system,512,128,6,static,1,3536.411
cortex,512,256,1,static,1,12633.344
cortex,512,256,2,static,1,6422.348
cortex,512,256,3,static,1,4827.571
cortex,512,256,4,static,1,4699.257
denver,512,256,1,static,1,9670.146
denver,512,256,2,static,1,4955.608
full_system,512,256,6,static,1,3738.405
cortex,512,512,1,static,1,12658.312
cortex,512,512,2,static,1,6962.807
cortex,512,512,3,static,1,5641.876
cortex,512,512,4,static,1,5501.112
denver,512,512,1,static,1,9606.435
denver,512,512,2,static,1,5361.079
cortex,512,1024,1,static,1,12604.776
cortex,512,1024,2,static,1,9504.197
denver,512,1024,1,static,1,9706.068
denver,512,1024,2,static,1,7307.083
cortex,1024,64,1,static,1,12652.016
cortex,1024,64,2,static,1,6533.148
cortex,1024,64,3,static,1,4930.198
cortex,1024,64,4,static,1,3987.224
denver,1024,64,1,static,1,9678.399
denver,1024,64,2,static,1,5043.231
full_system,1024,64,6,static,1,2912.659
cortex,1024,128,1,static,1,12677.179
cortex,1024,128,2,static,1,6527.987
cortex,1024,128,3,static,1,5678.988
cortex,1024,128,4,static,1,4007.285
denver,1024,128,1,static,1,9696.454
denver,1024,128,2,static,1,5017.163
full_system,1024,128,6,static,1,3455.018
cortex,1024,256,1,static,1,12727.668
cortex,1024,256,2,static,1,6421.629
cortex,1024,256,3,static,1,4862.107
cortex,1024,256,4,static,1,4680.462
denver,1024,256,1,static,1,9702.869
denver,1024,256,2,static,1,4924.561
cortex,1024,512,1,static,1,12670.585
cortex,1024,512,2,static,1,6942.880
denver,1024,512,1,static,1,9686.972
denver,1024,512,2,static,1,5356.620
cortex,64,64,1,static,3,12662.289
cortex,64,64,2,static,3,7292.545
cortex,64,64,3,static,3,5479.325
cortex,64,64,4,static,3,4597.211
denver,64,64,1,static,3,9701.194
denver,64,64,2,static,3,5565.120
full_system,64,64,6,static,3,4128.080
cortex,64,128,1,static,3,12709.466
cortex,64,128,2,static,3,7304.453
cortex,64,128,3,static,3,6582.433
cortex,64,128,4,static,3,5131.329
denver,64,128,1,static,3,9714.324
denver,64,128,2,static,3,5589.313
full_system,64,128,6,static,3,4606.900
cortex,64,256,1,static,3,12693.901
cortex,64,256,2,static,3,7696.350
cortex,64,256,3,static,3,5893.902
cortex,64,256,4,static,3,5300.031
denver,64,256,1,static,3,9695.350
denver,64,256,2,static,3,5803.686
full_system,64,256,6,static,3,3494.525
cortex,64,512,1,static,3,12698.368
cortex,64,512,2,static,3,7284.853
cortex,64,512,3,static,3,5868.422
cortex,64,512,4,static,3,4545.196
denver,64,512,1,static,3,9570.844
denver,64,512,2,static,3,5527.307
full_system,64,512,6,static,3,4051.333
cortex,64,1024,1,static,3,12693.578
cortex,64,1024,2,static,3,7004.679
cortex,64,1024,3,static,3,5153.555
cortex,64,1024,4,static,3,4359.961
denver,64,1024,1,static,3,9566.388
denver,64,1024,2,static,3,5267.427
full_system,64,1024,6,static,3,3555.063
cortex,128,64,1,static,3,12656.738
cortex,128,64,2,static,3,6711.508
cortex,128,64,3,static,3,5350.590
cortex,128,64,4,static,3,4332.016
denver,128,64,1,static,3,9556.940
denver,128,64,2,static,3,5044.524
full_system,128,64,6,static,3,3445.805
cortex,128,128,1,static,3,12640.150
cortex,128,128,2,static,3,6943.220
cortex,128,128,3,static,3,4964.634
cortex,128,128,4,static,3,4154.925
denver,128,128,1,static,3,9523.480
denver,128,128,2,static,3,5266.630
full_system,128,128,6,static,3,2965.859
cortex,128,256,1,static,3,12646.823
cortex,128,256,2,static,3,6642.302
cortex,128,256,3,static,3,5332.176
cortex,128,256,4,static,3,4090.419
denver,128,256,1,static,3,9587.395
denver,128,256,2,static,3,5033.387
full_system,128,256,6,static,3,3731.822
cortex,128,512,1,static,3,12739.695
cortex,128,512,2,static,3,7045.842
cortex,128,512,3,static,3,5508.735
cortex,128,512,4,static,3,5043.677
denver,128,512,1,static,3,9612.148
denver,128,512,2,static,3,5337.807
full_system,128,512,6,static,3,4422.834
cortex,128,1024,1,static,3,12619.895
cortex,128,1024,2,static,3,7843.363
cortex,128,1024,3,static,3,6005.329
cortex,128,1024,4,static,3,6075.772
denver,128,1024,1,static,3,9452.148
denver,128,1024,2,static,3,5841.658
full_system,128,1024,6,static,3,4765.020
cortex,256,64,1,static,3,12661.609
cortex,256,64,2,static,3,7746.011
cortex,256,64,3,static,3,5527.744
cortex,256,64,4,static,3,4948.643
denver,256,64,1,static,3,9552.175
denver,256,64,2,static,3,5813.651
full_system,256,64,6,static,3,4663.915
cortex,256,128,1,static,3,12620.639
cortex,256,128,2,static,3,7615.812
cortex,256,128,3,static,3,7004.887
cortex,256,128,4,static,3,5751.081
denver,256,128,1,static,3,9599.430
denver,256,128,2,static,3,5761.922
full_system,256,128,6,static,3,5067.715
cortex,256,256,1,static,3,12628.687
cortex,256,256,2,static,3,8435.064
cortex,256,256,3,static,3,6655.500
cortex,256,256,4,static,3,6257.414
denver,256,256,1,static,3,9561.691
denver,256,256,2,static,3,6367.956
full_system,256,256,6,static,3,5501.629
cortex,256,512,1,static,3,12671.009
cortex,256,512,2,static,3,7956.463
cortex,256,512,3,static,3,6018.198
cortex,256,512,4,static,3,6030.746
denver,256,512,1,static,3,9478.435
denver,256,512,2,static,3,5992.300
full_system,256,512,6,static,3,4777.186
cortex,256,1024,1,static,3,12706.287
cortex,256,1024,2,static,3,6903.952
cortex,256,1024,3,static,3,6894.946
cortex,256,1024,4,static,3,6997.207
denver,256,1024,1,static,3,9603.477
denver,256,1024,2,static,3,5236.979
cortex,512,64,1,static,3,12627.417
cortex,512,64,2,static,3,6920.518
cortex,512,64,3,static,3,4912.572
cortex,512,64,4,static,3,4026.357
denver,512,64,1,static,3,9573.797
denver,512,64,2,static,3,5216.523
full_system,512,64,6,static,3,3245.406
cortex,512,128,1,static,3,12650.717
cortex,512,128,2,static,3,6514.053
cortex,512,128,3,static,3,5383.774
cortex,512,128,4,static,3,4709.162
denver,512,128,1,static,3,9533.204
denver,512,128,2,static,3,4928.581
full_system,512,128,6,static,3,4433.680
cortex,512,256,1,static,3,12662.133
cortex,512,256,2,static,3,6558.123
cortex,512,256,3,static,3,6145.924
cortex,512,256,4,static,3,6143.609
denver,512,256,1,static,3,9519.939
denver,512,256,2,static,3,4988.507
full_system,512,256,6,static,3,5076.290
cortex,512,512,1,static,3,12730.597
cortex,512,512,2,static,3,8646.383
cortex,512,512,3,static,3,8633.263
cortex,512,512,4,static,3,8599.275
denver,512,512,1,static,3,9574.472
denver,512,512,2,static,3,6531.630
cortex,512,1024,1,static,3,12660.711
cortex,512,1024,2,static,3,12672.612
denver,512,1024,1,static,3,9575.262
denver,512,1024,2,static,3,9493.906
cortex,1024,64,1,static,3,12641.811
cortex,1024,64,2,static,3,8324.843
cortex,1024,64,3,static,3,5383.552
cortex,1024,64,4,static,3,5159.985
denver,1024,64,1,static,3,9631.971
denver,1024,64,2,static,3,6360.356
full_system,1024,64,6,static,3,4146.194
cortex,1024,128,1,static,3,12668.131
cortex,1024,128,2,static,3,7316.920
cortex,1024,128,3,static,3,7318.179
cortex,1024,128,4,static,3,7306.608
denver,1024,128,1,static,3,9679.300
denver,1024,128,2,static,3,5605.173
full_system,1024,128,6,static,3,6032.939
cortex,1024,256,1,static,3,12642.997
cortex,1024,256,2,static,3,10989.010
cortex,1024,256,3,static,3,10976.448
cortex,1024,256,4,static,3,10961.832
denver,1024,256,1,static,3,9685.817
denver,1024,256,2,static,3,8413.500
cortex,1024,512,1,static,3,12661.782
cortex,1024,512,2,static,3,12655.637
denver,1024,512,1,static,3,9651.904
denver,1024,512,2,static,3,9677.483
cortex,64,64,1,dynamic,1,12615.158
cortex,64,64,2,dynamic,1,6325.815
cortex,64,64,3,dynamic,1,4515.160
cortex,64,64,4,dynamic,1,3594.336
denver,64,64,1,dynamic,1,9688.782
denver,64,64,2,dynamic,1,4847.497
full_system,64,64,6,dynamic,1,2820.350
cortex,64,128,1,dynamic,1,12630.146
cortex,64,128,2,dynamic,1,6415.885
cortex,64,128,3,dynamic,1,4708.118
cortex,64,128,4,dynamic,1,3876.396
denver,64,128,1,dynamic,1,9654.983
denver,64,128,2,dynamic,1,4917.987
full_system,64,128,6,dynamic,1,3265.225
cortex,64,256,1,dynamic,1,12720.850
cortex,64,256,2,dynamic,1,6530.002
cortex,64,256,3,dynamic,1,4790.981
cortex,64,256,4,dynamic,1,3931.977
denver,64,256,1,dynamic,1,9716.689
denver,64,256,2,dynamic,1,5004.023
full_system,64,256,6,dynamic,1,3222.191
cortex,64,512,1,dynamic,1,12630.771
cortex,64,512,2,dynamic,1,6565.334
cortex,64,512,3,dynamic,1,4803.973
cortex,64,512,4,dynamic,1,4029.272
denver,64,512,1,dynamic,1,9667.043
denver,64,512,2,dynamic,1,5017.724
full_system,64,512,6,dynamic,1,3131.774
cortex,64,1024,1,dynamic,1,12736.996
cortex,64,1024,2,dynamic,1,7357.840
cortex,64,1024,3,dynamic,1,5873.049
cortex,64,1024,4,dynamic,1,5054.547
denver,64,1024,1,dynamic,1,9667.298
denver,64,1024,2,dynamic,1,5643.936
full_system,64,1024,6,dynamic,1,4045.360
cortex,128,64,1,dynamic,1,12644.748
cortex,128,64,2,dynamic,1,6359.407
cortex,128,64,3,dynamic,1,4578.565
cortex,128,64,4,dynamic,1,3676.963
denver,128,64,1,dynamic,1,9645.232
denver,128,64,2,dynamic,1,4870.568
full_system,128,64,6,dynamic,1,3140.867
cortex,128,128,1,dynamic,1,12635.266
cortex,128,128,2,dynamic,1,6415.414
cortex,128,128,3,dynamic,1,4841.029
cortex,128,128,4,dynamic,1,4078.818
denver,128,128,1,dynamic,1,9678.735
denver,128,128,2,dynamic,1,4920.503
full_system,128,128,6,dynamic,1,3331.473
cortex,128,256,1,dynamic,1,12628.746
cortex,128,256,2,dynamic,1,6568.716
cortex,128,256,3,dynamic,1,5093.559
cortex,128,256,4,dynamic,1,4344.948
denver,128,256,1,dynamic,1,9696.078
denver,128,256,2,dynamic,1,5022.657
full_system,128,256,6,dynamic,1,3640.110
cortex,128,512,1,dynamic,1,12628.758
cortex,128,512,2,dynamic,1,6548.358
cortex,128,512,3,dynamic,1,5042.909
cortex,128,512,4,dynamic,1,4280.386
denver,128,512,1,dynamic,1,9709.852
denver,128,512,2,dynamic,1,5053.166
full_system,128,512,6,dynamic,1,3540.030
cortex,128,1024,1,dynamic,1,12629.650
cortex,128,1024,2,dynamic,1,8036.130
cortex,128,1024,3,dynamic,1,6224.680
cortex,128,1024,4,dynamic,1,5345.470
denver,128,1024,1,dynamic,1,9683.816
denver,128,1024,2,dynamic,1,6150.092
full_system,128,1024,6,dynamic,1,4770.412
cortex,256,64,1,dynamic,1,12675.024
cortex,256,64,2,dynamic,1,6342.846
cortex,256,64,3,dynamic,1,4376.558
cortex,256,64,4,dynamic,1,3620.046
denver,256,64,1,dynamic,1,9281.045
denver,256,64,2,dynamic,1,4714.669
full_system,256,64,6,dynamic,1,3173.052
cortex,256,128,1,dynamic,1,12621.800
cortex,256,128,2,dynamic,1,6457.003
cortex,256,128,3,dynamic,1,4723.546
cortex,256,128,4,dynamic,1,4053.756
denver,256,128,1,dynamic,1,9258.551
denver,256,128,2,dynamic,1,4761.506
full_system,256,128,6,dynamic,1,3385.091
cortex,256,256,1,dynamic,1,12619.178
cortex,256,256,2,dynamic,1,6478.543
cortex,256,256,3,dynamic,1,5001.609
cortex,256,256,4,dynamic,1,4389.102
denver,256,256,1,dynamic,1,9415.619
denver,256,256,2,dynamic,1,4911.374
full_system,256,256,6,dynamic,1,3882.960
cortex,256,512,1,dynamic,1,12640.511
cortex,256,512,2,dynamic,1,6693.021
cortex,256,512,3,dynamic,1,5219.504
cortex,256,512,4,dynamic,1,4528.005
denver,256,512,1,dynamic,1,9265.163
denver,256,512,2,dynamic,1,4889.144
full_system,256,512,6,dynamic,1,3975.933
cortex,256,1024,1,dynamic,1,12694.361
cortex,256,1024,2,dynamic,1,8152.975
cortex,256,1024,3,dynamic,1,6963.838
cortex,256,1024,4,dynamic,1,6363.946
denver,256,1024,1,dynamic,1,9194.869
denver,256,1024,2,dynamic,1,5963.595
cortex,512,64,1,dynamic,1,12685.639
cortex,512,64,2,dynamic,1,6396.880
cortex,512,64,3,dynamic,1,4333.435
cortex,512,64,4,dynamic,1,3516.183
denver,512,64,1,dynamic,1,9226.686
denver,512,64,2,dynamic,1,4664.648
full_system,512,64,6,dynamic,1,2882.839
cortex,512,128,1,dynamic,1,12640.694
cortex,512,128,2,dynamic,1,6466.296
cortex,512,128,3,dynamic,1,4585.014
cortex,512,128,4,dynamic,1,3674.651
denver,512,128,1,dynamic,1,9346.180
denver,512,128,2,dynamic,1,4777.841
full_system,512,128,6,dynamic,1,3400.466
cortex,512,256,1,dynamic,1,12649.912
cortex,512,256,2,dynamic,1,6421.989
cortex,512,256,3,dynamic,1,4775.170
cortex,512,256,4,dynamic,1,4396.651
denver,512,256,1,dynamic,1,9241.932
denver,512,256,2,dynamic,1,4707.425
full_system,512,256,6,dynamic,1,3684.453
cortex,512,512,1,dynamic,1,12630.282
cortex,512,512,2,dynamic,1,6959.399
cortex,512,512,3,dynamic,1,5719.444
cortex,512,512,4,dynamic,1,5537.585
denver,512,512,1,dynamic,1,9231.034
denver,512,512,2,dynamic,1,5078.069
cortex,512,1024,1,dynamic,1,12673.233
cortex,512,1024,2,dynamic,1,9545.249
denver,512,1024,1,dynamic,1,9238.771
denver,512,1024,2,dynamic,1,7087.242
cortex,1024,64,1,dynamic,1,12639.325
cortex,1024,64,2,dynamic,1,6432.144
cortex,1024,64,3,dynamic,1,4340.356
cortex,1024,64,4,dynamic,1,3367.174
denver,1024,64,1,dynamic,1,9208.357
denver,1024,64,2,dynamic,1,4703.103
full_system,1024,64,6,dynamic,1,2760.596
cortex,1024,128,1,dynamic,1,12727.801
cortex,1024,128,2,dynamic,1,6513.135
cortex,1024,128,3,dynamic,1,4571.096
cortex,1024,128,4,dynamic,1,3698.223
denver,1024,128,1,dynamic,1,9206.878
denver,1024,128,2,dynamic,1,4762.244
full_system,1024,128,6,dynamic,1,3328.793
cortex,1024,256,1,dynamic,1,12720.643
cortex,1024,256,2,dynamic,1,6401.735
cortex,1024,256,3,dynamic,1,4810.350
cortex,1024,256,4,dynamic,1,4922.879
denver,1024,256,1,dynamic,1,9235.587
denver,1024,256,2,dynamic,1,4720.831
cortex,1024,512,1,dynamic,1,12624.031
cortex,1024,512,2,dynamic,1,6964.790
denver,1024,512,1,dynamic,1,9390.704
denver,1024,512,2,dynamic,1,5085.186
cortex,64,64,1,dynamic,3,12641.413
cortex,64,64,2,dynamic,3,7202.991
cortex,64,64,3,dynamic,3,5471.460
cortex,64,64,4,dynamic,3,4688.894
denver,64,64,1,dynamic,3,9189.233
denver,64,64,2,dynamic,3,5230.378
full_system,64,64,6,dynamic,3,3946.464
cortex,64,128,1,dynamic,3,12629.891
cortex,64,128,2,dynamic,3,7380.344
cortex,64,128,3,dynamic,3,5590.024
cortex,64,128,4,dynamic,3,4771.682
denver,64,128,1,dynamic,3,9192.087
denver,64,128,2,dynamic,3,5362.073
full_system,64,128,6,dynamic,3,3966.304
cortex,64,256,1,dynamic,3,12649.687
cortex,64,256,2,dynamic,3,7221.095
cortex,64,256,3,dynamic,3,5687.094
cortex,64,256,4,dynamic,3,4855.211
denver,64,256,1,dynamic,3,9265.624
denver,64,256,2,dynamic,3,5342.816
full_system,64,256,6,dynamic,3,4252.417
cortex,64,512,1,dynamic,3,12628.389
cortex,64,512,2,dynamic,3,7297.365
cortex,64,512,3,dynamic,3,5952.623
cortex,64,512,4,dynamic,3,4585.888
denver,64,512,1,dynamic,3,9587.261
denver,64,512,2,dynamic,3,5533.404
full_system,64,512,6,dynamic,3,4229.381
cortex,64,1024,1,dynamic,3,12639.932
cortex,64,1024,2,dynamic,3,6983.210
cortex,64,1024,3,dynamic,3,5141.106
cortex,64,1024,4,dynamic,3,4417.915
denver,64,1024,1,dynamic,3,9588.702
denver,64,1024,2,dynamic,3,5280.285
full_system,64,1024,6,dynamic,3,3200.408
cortex,128,64,1,dynamic,3,12633.476
cortex,128,64,2,dynamic,3,6512.248
cortex,128,64,3,dynamic,3,5012.364
cortex,128,64,4,dynamic,3,4170.211
denver,128,64,1,dynamic,3,9575.465
denver,128,64,2,dynamic,3,4928.604
full_system,128,64,6,dynamic,3,3232.377
cortex,128,128,1,dynamic,3,12640.943
cortex,128,128,2,dynamic,3,6541.381
cortex,128,128,3,dynamic,3,5029.010
cortex,128,128,4,dynamic,3,4232.767
denver,128,128,1,dynamic,3,9417.077
denver,128,128,2,dynamic,3,4782.537
full_system,128,128,6,dynamic,3,3529.537
cortex,128,256,1,dynamic,3,12630.984
cortex,128,256,2,dynamic,3,6578.789
cortex,128,256,3,dynamic,3,5278.688
cortex,128,256,4,dynamic,3,4086.855
denver,128,256,1,dynamic,3,9190.508
denver,128,256,2,dynamic,3,4807.791
full_system,128,256,6,dynamic,3,2980.233
cortex,128,512,1,dynamic,3,12643.643
cortex,128,512,2,dynamic,3,7047.791
cortex,128,512,3,dynamic,3,5600.282
cortex,128,512,4,dynamic,3,5129.270
denver,128,512,1,dynamic,3,9223.878
denver,128,512,2,dynamic,3,5166.235
full_system,128,512,6,dynamic,3,4511.654
cortex,128,1024,1,dynamic,3,12643.538
cortex,128,1024,2,dynamic,3,7827.328
cortex,128,1024,3,dynamic,3,6076.516
cortex,128,1024,4,dynamic,3,6234.025
denver,128,1024,1,dynamic,3,9431.481
denver,128,1024,2,dynamic,3,5700.899
full_system,128,1024,6,dynamic,3,6265.182
cortex,256,64,1,dynamic,3,12653.440
cortex,256,64,2,dynamic,3,7303.700
cortex,256,64,3,dynamic,3,5858.389
cortex,256,64,4,dynamic,3,5278.440
denver,256,64,1,dynamic,3,9199.323
denver,256,64,2,dynamic,3,5320.568
full_system,256,64,6,dynamic,3,4934.741
cortex,256,128,1,dynamic,3,12674.539
cortex,256,128,2,dynamic,3,7647.803
cortex,256,128,3,dynamic,3,6596.393
cortex,256,128,4,dynamic,3,5829.616
denver,256,128,1,dynamic,3,9229.117
denver,256,128,2,dynamic,3,5546.115
full_system,256,128,6,dynamic,3,5065.030
cortex,256,256,1,dynamic,3,12660.570
cortex,256,256,2,dynamic,3,8439.011
cortex,256,256,3,dynamic,3,6648.805
cortex,256,256,4,dynamic,3,6325.129
denver,256,256,1,dynamic,3,9199.215
denver,256,256,2,dynamic,3,6135.006
full_system,256,256,6,dynamic,3,6251.477
cortex,256,512,1,dynamic,3,12651.255
cortex,256,512,2,dynamic,3,7926.877
cortex,256,512,3,dynamic,3,6045.777
cortex,256,512,4,dynamic,3,6059.767
denver,256,512,1,dynamic,3,9234.725
denver,256,512,2,dynamic,3,5795.374
full_system,256,512,6,dynamic,3,6085.334
cortex,256,1024,1,dynamic,3,12744.158
cortex,256,1024,2,dynamic,3,6904.966
cortex,256,1024,3,dynamic,3,6886.831
cortex,256,1024,4,dynamic,3,7277.491
denver,256,1024,1,dynamic,3,9411.507
denver,256,1024,2,dynamic,3,5048.043
cortex,512,64,1,dynamic,3,12676.767
cortex,512,64,2,dynamic,3,6568.808
cortex,512,64,3,dynamic,3,4772.040
cortex,512,64,4,dynamic,3,4044.365
denver,512,64,1,dynamic,3,9188.553
denver,512,64,2,dynamic,3,4799.179
full_system,512,64,6,dynamic,3,3655.634
cortex,512,128,1,dynamic,3,12604.752
cortex,512,128,2,dynamic,3,6494.375
cortex,512,128,3,dynamic,3,5401.904
cortex,512,128,4,dynamic,3,4717.800
denver,512,128,1,dynamic,3,9187.973
denver,512,128,2,dynamic,3,4779.453
full_system,512,128,6,dynamic,3,4843.395
cortex,512,256,1,dynamic,3,12674.158
cortex,512,256,2,dynamic,3,6544.457
cortex,512,256,3,dynamic,3,6167.536
cortex,512,256,4,dynamic,3,6165.884
denver,512,256,1,dynamic,3,9188.690
denver,512,256,2,dynamic,3,4867.808
full_system,512,256,6,dynamic,3,6395.538
cortex,512,512,1,dynamic,3,12677.593
cortex,512,512,2,dynamic,3,8601.675
cortex,512,512,3,dynamic,3,8691.549
cortex,512,512,4,dynamic,3,8779.746
denver,512,512,1,dynamic,3,9600.853
denver,512,512,2,dynamic,3,6557.225
cortex,512,1024,1,dynamic,3,12686.126
cortex,512,1024,2,dynamic,3,12648.231
denver,512,1024,1,dynamic,3,9590.637
denver,512,1024,2,dynamic,3,9572.885
cortex,1024,64,1,dynamic,3,12617.867
cortex,1024,64,2,dynamic,3,6929.780
cortex,1024,64,3,dynamic,3,5226.831
cortex,1024,64,4,dynamic,3,5110.157
denver,1024,64,1,dynamic,3,9611.355
denver,1024,64,2,dynamic,3,5261.026
full_system,1024,64,6,dynamic,3,5128.198
cortex,1024,128,1,dynamic,3,12663.369
cortex,1024,128,2,dynamic,3,7293.744
cortex,1024,128,3,dynamic,3,7383.839
cortex,1024,128,4,dynamic,3,7568.343
denver,1024,128,1,dynamic,3,9551.437
denver,1024,128,2,dynamic,3,5517.415
full_system,1024,128,6,dynamic,3,7403.180
cortex,1024,256,1,dynamic,3,12643.655
cortex,1024,256,2,dynamic,3,10993.396
cortex,1024,256,3,dynamic,3,11097.179
cortex,1024,256,4,dynamic,3,10979.685
denver,1024,256,1,dynamic,3,9443.531
denver,1024,256,2,dynamic,3,8071.156
cortex,1024,512,1,dynamic,3,12603.521
cortex,1024,512,2,dynamic,3,12631.617
denver,1024,512,1,dynamic,3,9234.935
denver,1024,512,2,dynamic,3,9204.175

# under 3000ms
full_system,64,64,6,static,1,2840.531
full_system,64,128,6,static,1,2996.948
full_system,64,256,6,static,1,2566.211
full_system,128,64,6,static,1,2957.591
full_system,256,64,6,static,1,2657.949
full_system,256,256,6,static,1,2956.679
full_system,1024,64,6,static,1,2912.659
full_system,128,128,6,static,3,2965.859
full_system,64,64,6,dynamic,1,2820.350
full_system,512,64,6,dynamic,1,2882.839
full_system,1024,64,6,dynamic,1,2760.596 #BEST CONFIGURATION
full_system,128,256,6,dynamic,3,2980.233
