######################################
Exploring the best parameters for the kernel blur2
using urrot2_neon_div8_u16
######################################
cpu,th,tw,threads,schedule,schedule_n,time
cortex,64,64,1,static,1,10132.228
cortex,64,64,2,static,1,5102.189
cortex,64,64,3,static,1,3356.328
cortex,64,64,4,static,1,3161.029
denver,64,64,1,static,1,8417.615
denver,64,64,2,static,1,4557.670
full_system,64,64,6,static,1,2062.213
cortex,64,128,1,static,1,4838.976
cortex,64,128,2,static,1,2942.585
cortex,64,128,3,static,1,1698.695
cortex,64,128,4,static,1,1845.408
denver,64,128,1,static,1,4235.460
denver,64,128,2,static,1,2427.676
full_system,64,128,6,static,1,1268.009
cortex,64,256,1,static,1,2446.349
cortex,64,256,2,static,1,1651.932
cortex,64,256,3,static,1,896.736
cortex,64,256,4,static,1,1119.518
denver,64,256,1,static,1,2007.578
denver,64,256,2,static,1,1324.818
full_system,64,256,6,static,1,705.708
cortex,64,512,1,static,1,1309.808
cortex,64,512,2,static,1,949.756
cortex,64,512,3,static,1,500.245
cortex,64,512,4,static,1,548.531
denver,64,512,1,static,1,948.329
denver,64,512,2,static,1,842.840
full_system,64,512,6,static,1,598.360
cortex,64,1024,1,static,1,664.391
cortex,64,1024,2,static,1,351.692
cortex,64,1024,3,static,1,268.110
cortex,64,1024,4,static,1,179.446
denver,64,1024,1,static,1,351.578
denver,64,1024,2,static,1,185.216
full_system,64,1024,6,static,1,315.755
cortex,128,64,1,static,1,10388.636
cortex,128,64,2,static,1,5301.656
cortex,128,64,3,static,1,3450.321
cortex,128,64,4,static,1,3181.992
denver,128,64,1,static,1,8568.758
denver,128,64,2,static,1,4601.259
full_system,128,64,6,static,1,2104.751
cortex,128,128,1,static,1,4951.853
cortex,128,128,2,static,1,2978.551
cortex,128,128,3,static,1,1816.651
cortex,128,128,4,static,1,1840.250
denver,128,128,1,static,1,4174.683
denver,128,128,2,static,1,2460.447
full_system,128,128,6,static,1,1338.670
cortex,128,256,1,static,1,2476.756
cortex,128,256,2,static,1,1583.471
cortex,128,256,3,static,1,958.966
cortex,128,256,4,static,1,1141.738
denver,128,256,1,static,1,2012.948
denver,128,256,2,static,1,1401.302
full_system,128,256,6,static,1,842.658
cortex,128,512,1,static,1,1231.068
cortex,128,512,2,static,1,959.944
cortex,128,512,3,static,1,519.191
cortex,128,512,4,static,1,492.563
denver,128,512,1,static,1,891.553
denver,128,512,2,static,1,786.982
full_system,128,512,6,static,1,551.079
cortex,128,1024,1,static,1,619.823
cortex,128,1024,2,static,1,335.893
cortex,128,1024,3,static,1,215.241
cortex,128,1024,4,static,1,169.527
denver,128,1024,1,static,1,292.218
denver,128,1024,2,static,1,151.925
full_system,128,1024,6,static,1,212.920
cortex,256,64,1,static,1,11596.862
cortex,256,64,2,static,1,5842.666
cortex,256,64,3,static,1,3878.725
cortex,256,64,4,static,1,3234.626
denver,256,64,1,static,1,8788.048
denver,256,64,2,static,1,4745.861
full_system,256,64,6,static,1,2186.231
cortex,256,128,1,static,1,5453.813
cortex,256,128,2,static,1,3023.221
cortex,256,128,3,static,1,1963.687
cortex,256,128,4,static,1,1868.327
denver,256,128,1,static,1,4318.017
denver,256,128,2,static,1,2494.280
full_system,256,128,6,static,1,1225.786
cortex,256,256,1,static,1,2548.400
cortex,256,256,2,static,1,1573.563
cortex,256,256,3,static,1,1014.291
cortex,256,256,4,static,1,1179.355
denver,256,256,1,static,1,2023.147
denver,256,256,2,static,1,1381.729
full_system,256,256,6,static,1,902.264
cortex,256,512,1,static,1,1218.486
cortex,256,512,2,static,1,984.288
cortex,256,512,3,static,1,571.780
cortex,256,512,4,static,1,527.015
denver,256,512,1,static,1,894.000
denver,256,512,2,static,1,761.601
full_system,256,512,6,static,1,653.727
cortex,256,1024,1,static,1,553.090
cortex,256,1024,2,static,1,314.430
cortex,256,1024,3,static,1,285.889
cortex,256,1024,4,static,1,178.139
denver,256,1024,1,static,1,274.212
denver,256,1024,2,static,1,168.320
cortex,512,64,1,static,1,10497.011
cortex,512,64,2,static,1,5623.011
cortex,512,64,3,static,1,3810.029
cortex,512,64,4,static,1,3251.793
denver,512,64,1,static,1,9014.474
denver,512,64,2,static,1,4835.124
full_system,512,64,6,static,1,2351.438
cortex,512,128,1,static,1,4896.067
cortex,512,128,2,static,1,2943.755
cortex,512,128,3,static,1,1974.519
cortex,512,128,4,static,1,1788.763
denver,512,128,1,static,1,4471.275
denver,512,128,2,static,1,2552.501
full_system,512,128,6,static,1,1244.119
cortex,512,256,1,static,1,2408.782
cortex,512,256,2,static,1,1594.456
cortex,512,256,3,static,1,1037.347
cortex,512,256,4,static,1,1220.449
denver,512,256,1,static,1,2129.042
denver,512,256,2,static,1,1444.740
full_system,512,256,6,static,1,976.796
cortex,512,512,1,static,1,1201.806
cortex,512,512,2,static,1,998.061
cortex,512,512,3,static,1,638.937
cortex,512,512,4,static,1,570.347
denver,512,512,1,static,1,941.903
denver,512,512,2,static,1,853.652
cortex,512,1024,1,static,1,517.934
cortex,512,1024,2,static,1,264.658
denver,512,1024,1,static,1,309.002
denver,512,1024,2,static,1,147.194
cortex,1024,64,1,static,1,10453.495
cortex,1024,64,2,static,1,5524.493
cortex,1024,64,3,static,1,4038.146
cortex,1024,64,4,static,1,3191.563
denver,1024,64,1,static,1,9085.789
denver,1024,64,2,static,1,4896.304
full_system,1024,64,6,static,1,2736.714
cortex,1024,128,1,static,1,4998.292
cortex,1024,128,2,static,1,2842.972
cortex,1024,128,3,static,1,2197.067
cortex,1024,128,4,static,1,1830.808
denver,1024,128,1,static,1,4483.328
denver,1024,128,2,static,1,2601.460
full_system,1024,128,6,static,1,1577.912
cortex,1024,256,1,static,1,2410.044
cortex,1024,256,2,static,1,1568.611
cortex,1024,256,3,static,1,1280.452
cortex,1024,256,4,static,1,1186.271
denver,1024,256,1,static,1,2125.327
denver,1024,256,2,static,1,1413.545
cortex,1024,512,1,static,1,1135.531
cortex,1024,512,2,static,1,965.135
denver,1024,512,1,static,1,929.894
denver,1024,512,2,static,1,811.123
cortex,64,64,1,static,2,10049.279
cortex,64,64,2,static,2,5748.134
cortex,64,64,3,static,2,3427.123
cortex,64,64,4,static,2,3669.674
denver,64,64,1,static,2,8531.622
denver,64,64,2,static,2,4872.179
full_system,64,64,6,static,2,2186.762
cortex,64,128,1,static,2,4768.026
cortex,64,128,2,static,2,3233.250
cortex,64,128,3,static,2,1808.452
cortex,64,128,4,static,2,2311.665
denver,64,128,1,static,2,4209.988
denver,64,128,2,static,2,2714.847
full_system,64,128,6,static,2,1356.370
cortex,64,256,1,static,2,2452.633
cortex,64,256,2,static,2,1979.461
cortex,64,256,3,static,2,974.779
cortex,64,256,4,static,2,1037.055
denver,64,256,1,static,2,2061.453
denver,64,256,2,static,2,1606.800
full_system,64,256,6,static,2,882.280
cortex,64,512,1,static,2,1264.144
cortex,64,512,2,static,2,677.315
cortex,64,512,3,static,2,508.151
cortex,64,512,4,static,2,389.384
denver,64,512,1,static,2,919.317
denver,64,512,2,static,2,534.910
full_system,64,512,6,static,2,482.235
cortex,64,1024,1,static,2,653.866
cortex,64,1024,2,static,2,352.952
cortex,64,1024,3,static,2,258.908
cortex,64,1024,4,static,2,183.633
denver,64,1024,1,static,2,420.379
denver,64,1024,2,static,2,198.052
full_system,64,1024,6,static,2,194.730
cortex,128,64,1,static,2,10434.111
cortex,128,64,2,static,2,5959.943
cortex,128,64,3,static,2,3587.014
cortex,128,64,4,static,2,3648.693
denver,128,64,1,static,2,8619.839
denver,128,64,2,static,2,4951.185
full_system,128,64,6,static,2,2300.993
cortex,128,128,1,static,2,4982.045
cortex,128,128,2,static,2,3299.561
cortex,128,128,3,static,2,1888.894
cortex,128,128,4,static,2,2242.803
denver,128,128,1,static,2,4211.075
denver,128,128,2,static,2,2765.968
full_system,128,128,6,static,2,1345.684
cortex,128,256,1,static,2,2473.684
cortex,128,256,2,static,2,1920.843
cortex,128,256,3,static,2,1046.017
cortex,128,256,4,static,2,1039.237
denver,128,256,1,static,2,2012.273
denver,128,256,2,static,2,1669.362
full_system,128,256,6,static,2,983.627
cortex,128,512,1,static,2,1247.882
cortex,128,512,2,static,2,664.914
cortex,128,512,3,static,2,541.338
cortex,128,512,4,static,2,371.010
denver,128,512,1,static,2,898.600
denver,128,512,2,static,2,488.415
full_system,128,512,6,static,2,617.181
cortex,128,1024,1,static,2,556.505
cortex,128,1024,2,static,2,331.037
cortex,128,1024,3,static,2,282.324
cortex,128,1024,4,static,2,176.006
denver,128,1024,1,static,2,362.166
denver,128,1024,2,static,2,184.148
full_system,128,1024,6,static,2,245.266
cortex,256,64,1,static,2,11586.663
cortex,256,64,2,static,2,6142.413
cortex,256,64,3,static,2,4008.948
cortex,256,64,4,static,2,3758.326
denver,256,64,1,static,2,8847.452
denver,256,64,2,static,2,5061.318
full_system,256,64,6,static,2,2260.283
cortex,256,128,1,static,2,5459.662
cortex,256,128,2,static,2,3231.891
cortex,256,128,3,static,2,2031.200
cortex,256,128,4,static,2,2308.426
denver,256,128,1,static,2,4330.406
denver,256,128,2,static,2,2782.354
full_system,256,128,6,static,2,1606.956
cortex,256,256,1,static,2,2614.253
cortex,256,256,2,static,2,1933.686
cortex,256,256,3,static,2,1167.556
cortex,256,256,4,static,2,979.598
denver,256,256,1,static,2,2069.304
denver,256,256,2,static,2,1667.737
full_system,256,256,6,static,2,1087.011
cortex,256,512,1,static,2,1210.224
cortex,256,512,2,static,2,626.926
cortex,256,512,3,static,2,647.308
cortex,256,512,4,static,2,353.820
denver,256,512,1,static,2,931.783
denver,256,512,2,static,2,514.200
full_system,256,512,6,static,2,569.680
cortex,256,1024,1,static,2,510.709
cortex,256,1024,2,static,2,288.060
cortex,256,1024,3,static,2,298.847
cortex,256,1024,4,static,2,334.305
denver,256,1024,1,static,2,272.804
denver,256,1024,2,static,2,161.889
cortex,512,64,1,static,2,10359.111
cortex,512,64,2,static,2,5842.123
cortex,512,64,3,static,2,3970.633
cortex,512,64,4,static,2,3618.444
denver,512,64,1,static,2,9132.687
denver,512,64,2,static,2,5145.005
full_system,512,64,6,static,2,2357.962
cortex,512,128,1,static,2,4944.052
cortex,512,128,2,static,2,3137.261
cortex,512,128,3,static,2,2072.573
cortex,512,128,4,static,2,2188.720
denver,512,128,1,static,2,4490.750
denver,512,128,2,static,2,2869.624
full_system,512,128,6,static,2,1683.057
cortex,512,256,1,static,2,2462.366
cortex,512,256,2,static,2,1823.641
cortex,512,256,3,static,2,1300.354
cortex,512,256,4,static,2,1070.538
denver,512,256,1,static,2,2134.416
denver,512,256,2,static,2,1735.600
full_system,512,256,6,static,2,1227.453
cortex,512,512,1,static,2,1148.413
cortex,512,512,2,static,2,640.704
cortex,512,512,3,static,2,658.428
cortex,512,512,4,static,2,624.107
denver,512,512,1,static,2,933.000
denver,512,512,2,static,2,530.916
cortex,512,1024,1,static,2,509.605
cortex,512,1024,2,static,2,543.699
denver,512,1024,1,static,2,262.088
denver,512,1024,2,static,2,289.091
cortex,1024,64,1,static,2,10396.113
cortex,1024,64,2,static,2,5841.969
cortex,1024,64,3,static,2,4479.063
cortex,1024,64,4,static,2,3613.232
denver,1024,64,1,static,2,9152.973
denver,1024,64,2,static,2,5145.488
full_system,1024,64,6,static,2,2844.001
cortex,1024,128,1,static,2,5054.845
cortex,1024,128,2,static,2,3177.175
cortex,1024,128,3,static,2,2544.575
cortex,1024,128,4,static,2,2304.807
denver,1024,128,1,static,2,4497.616
denver,1024,128,2,static,2,2869.484
full_system,1024,128,6,static,2,2353.848
cortex,1024,256,1,static,2,2411.624
cortex,1024,256,2,static,2,1892.402
cortex,1024,256,3,static,2,1912.116
cortex,1024,256,4,static,2,1937.678
denver,1024,256,1,static,2,2129.445
denver,1024,256,2,static,2,1628.351
cortex,1024,512,1,static,2,1172.255
cortex,1024,512,2,static,2,1204.826
denver,1024,512,1,static,2,951.054
denver,1024,512,2,static,2,956.947
cortex,64,64,1,static,3,10130.027
cortex,64,64,2,static,3,5025.090
cortex,64,64,3,static,3,3439.710
cortex,64,64,4,static,3,2680.694
denver,64,64,1,static,3,8531.046
denver,64,64,2,static,3,4438.108
full_system,64,64,6,static,3,1998.363
cortex,64,128,1,static,3,4742.624
cortex,64,128,2,static,3,2569.115
cortex,64,128,3,static,3,1895.784
cortex,64,128,4,static,3,1450.133
denver,64,128,1,static,3,4207.309
denver,64,128,2,static,3,2252.657
full_system,64,128,6,static,3,1077.884
cortex,64,256,1,static,3,2392.654
cortex,64,256,2,static,3,1421.992
cortex,64,256,3,static,3,991.528
cortex,64,256,4,static,3,793.741
denver,64,256,1,static,3,2071.757
denver,64,256,2,static,3,1131.406
full_system,64,256,6,static,3,1083.926
cortex,64,512,1,static,3,1244.334
cortex,64,512,2,static,3,739.147
cortex,64,512,3,static,3,544.188
cortex,64,512,4,static,3,476.997
denver,64,512,1,static,3,983.040
denver,64,512,2,static,3,600.802
full_system,64,512,6,static,3,510.924
cortex,64,1024,1,static,3,637.547
cortex,64,1024,2,static,3,389.059
cortex,64,1024,3,static,3,268.666
cortex,64,1024,4,static,3,297.959
denver,64,1024,1,static,3,356.639
denver,64,1024,2,static,3,223.118
full_system,64,1024,6,static,3,375.463
cortex,128,64,1,static,3,10453.488
cortex,128,64,2,static,3,5128.340
cortex,128,64,3,static,3,3663.170
cortex,128,64,4,static,3,2658.466
denver,128,64,1,static,3,8599.013
denver,128,64,2,static,3,4357.814
full_system,128,64,6,static,3,2285.673
cortex,128,128,1,static,3,4897.386
cortex,128,128,2,static,3,2579.273
cortex,128,128,3,static,3,1931.988
cortex,128,128,4,static,3,1448.241
denver,128,128,1,static,3,4209.445
denver,128,128,2,static,3,2208.302
full_system,128,128,6,static,3,1249.561
cortex,128,256,1,static,3,2442.675
cortex,128,256,2,static,3,1301.160
cortex,128,256,3,static,3,961.507
cortex,128,256,4,static,3,793.303
denver,128,256,1,static,3,2042.631
denver,128,256,2,static,3,1090.603
full_system,128,256,6,static,3,1026.686
cortex,128,512,1,static,3,1189.790
cortex,128,512,2,static,3,685.047
cortex,128,512,3,static,3,532.273
cortex,128,512,4,static,3,450.858
denver,128,512,1,static,3,889.745
denver,128,512,2,static,3,545.782
full_system,128,512,6,static,3,528.073
cortex,128,1024,1,static,3,583.093
cortex,128,1024,2,static,3,382.763
cortex,128,1024,3,static,3,241.332
cortex,128,1024,4,static,3,242.713
denver,128,1024,1,static,3,368.660
denver,128,1024,2,static,3,234.019
full_system,128,1024,6,static,3,279.609
cortex,256,64,1,static,3,11563.158
cortex,256,64,2,static,3,5571.575
cortex,256,64,3,static,3,3820.215
cortex,256,64,4,static,3,2943.218
denver,256,64,1,static,3,8837.903
denver,256,64,2,static,3,4513.246
full_system,256,64,6,static,3,2851.974
cortex,256,128,1,static,3,5468.487
cortex,256,128,2,static,3,2660.029
cortex,256,128,3,static,3,2586.899
cortex,256,128,4,static,3,1636.721
denver,256,128,1,static,3,4406.713
denver,256,128,2,static,3,2226.254
full_system,256,128,6,static,3,1397.930
cortex,256,256,1,static,3,2538.170
cortex,256,256,2,static,3,1297.755
cortex,256,256,3,static,3,948.602
cortex,256,256,4,static,3,754.451
denver,256,256,1,static,3,2088.272
denver,256,256,2,static,3,1173.325
full_system,256,256,6,static,3,901.438
cortex,256,512,1,static,3,1186.430
cortex,256,512,2,static,3,696.339
cortex,256,512,3,static,3,612.551
cortex,256,512,4,static,3,608.245
denver,256,512,1,static,3,917.594
denver,256,512,2,static,3,528.067
full_system,256,512,6,static,3,621.000
cortex,256,1024,1,static,3,519.064
cortex,256,1024,2,static,3,415.180
cortex,256,1024,3,static,3,415.663
cortex,256,1024,4,static,3,425.606
denver,256,1024,1,static,3,312.119
denver,256,1024,2,static,3,225.884
cortex,512,64,1,static,3,10412.430
cortex,512,64,2,static,3,5660.557
cortex,512,64,3,static,3,4286.125
cortex,512,64,4,static,3,3158.562
denver,512,64,1,static,3,9094.172
denver,512,64,2,static,3,4870.260
full_system,512,64,6,static,3,3135.764
cortex,512,128,1,static,3,5030.120
cortex,512,128,2,static,3,2820.701
cortex,512,128,3,static,3,2442.165
cortex,512,128,4,static,3,1808.160
denver,512,128,1,static,3,4506.393
denver,512,128,2,static,3,2496.490
full_system,512,128,6,static,3,1602.250
cortex,512,256,1,static,3,2492.904
cortex,512,256,2,static,3,1671.528
cortex,512,256,3,static,3,1049.657
cortex,512,256,4,static,3,1010.106
denver,512,256,1,static,3,2146.531
denver,512,256,2,static,3,1422.796
full_system,512,256,6,static,3,1057.043
cortex,512,512,1,static,3,1164.738
cortex,512,512,2,static,3,752.781
cortex,512,512,3,static,3,794.293
cortex,512,512,4,static,3,757.318
denver,512,512,1,static,3,947.307
denver,512,512,2,static,3,564.936
cortex,512,1024,1,static,3,559.387
cortex,512,1024,2,static,3,548.485
denver,512,1024,1,static,3,305.723
denver,512,1024,2,static,3,282.856
cortex,1024,64,1,static,3,10580.061
cortex,1024,64,2,static,3,5700.050
cortex,1024,64,3,static,3,4532.308
cortex,1024,64,4,static,3,3826.571
denver,1024,64,1,static,3,9101.140
denver,1024,64,2,static,3,4828.261
full_system,1024,64,6,static,3,3355.402
cortex,1024,128,1,static,3,5055.922
cortex,1024,128,2,static,3,2924.566
cortex,1024,128,3,static,3,2256.190
cortex,1024,128,4,static,3,2266.526
denver,1024,128,1,static,3,4485.693
denver,1024,128,2,static,3,2610.199
full_system,1024,128,6,static,3,2156.061
cortex,1024,256,1,static,3,2454.798
cortex,1024,256,2,static,3,1408.600
cortex,1024,256,3,static,3,1401.995
cortex,1024,256,4,static,3,1439.705
denver,1024,256,1,static,3,2146.321
denver,1024,256,2,static,3,1224.015
cortex,1024,512,1,static,3,1190.413
cortex,1024,512,2,static,3,1197.996
denver,1024,512,1,static,3,932.351
denver,1024,512,2,static,3,940.697



# UNDER 200ms
cortex,64,1024,4,static,1,179.446
denver,64,1024,2,static,1,185.216
cortex,128,1024,4,static,1,169.527
denver,128,1024,2,static,1,151.925 ## BEST CONFIGURATION
cortex,256,1024,4,static,1,178.139
denver,256,1024,2,static,1,168.320
denver,512,1024,2,static,1,157.194 
cortex,64,1024,4,static,2,183.633
denver,64,1024,2,static,2,198.052
full_system,64,1024,6,static,2,194.730
cortex,128,1024,4,static,2,176.006
denver,128,1024,2,static,2,184.148
denver,256,1024,2,static,2,161.889
